<?xml version="1.0" encoding="UTF-8"?>
<testsuite name="foodwasting.server.ServerApplicationTests" tests="1" skipped="0" failures="0" errors="0" timestamp="2023-10-11T14:22:45" hostname="DESKTOP-QB1QHD5" time="0.44">
  <properties/>
  <testcase name="contextLoads()" classname="foodwasting.server.ServerApplicationTests" time="0.44"/>
  <system-out><![CDATA[23:22:43.306 [Test worker] INFO org.springframework.test.context.support.AnnotationConfigContextLoaderUtils -- Could not detect default configuration classes for test class [foodwasting.server.ServerApplicationTests]: ServerApplicationTests does not declare any static, non-private, non-final, nested classes annotated with @Configuration.
23:22:43.370 [Test worker] INFO org.springframework.boot.test.context.SpringBootTestContextBootstrapper -- Found @SpringBootConfiguration foodwasting.server.ServerApplication for test class foodwasting.server.ServerApplicationTests

  .   ____          _            __ _ _
 /\\ / ___'_ __ _ _(_)_ __  __ _ \ \ \ \
( ( )\___ | '_ | '_| | '_ \/ _` | \ \ \ \
 \\/  ___)| |_)| | | | | || (_| |  ) ) ) )
  '  |____| .__|_| |_|_| |_\__, | / / / /
 =========|_|==============|___/=/_/_/_/
 :: Spring Boot ::                (v3.1.4)

2023-10-11T23:22:43.691+09:00  INFO 24060 --- [    Test worker] f.server.ServerApplicationTests          : Starting ServerApplicationTests using Java 17.0.6 with PID 24060 (started by android in C:\Users\서창호\Documents\cd_test\foodwaste_matching\server)
2023-10-11T23:22:43.692+09:00  INFO 24060 --- [    Test worker] f.server.ServerApplicationTests          : No active profile set, falling back to 1 default profile: "default"
2023-10-11T23:22:44.259+09:00  INFO 24060 --- [    Test worker] .s.d.r.c.RepositoryConfigurationDelegate : Bootstrapping Spring Data JPA repositories in DEFAULT mode.
2023-10-11T23:22:44.276+09:00  INFO 24060 --- [    Test worker] .s.d.r.c.RepositoryConfigurationDelegate : Finished Spring Data repository scanning in 10 ms. Found 0 JPA repository interfaces.
2023-10-11T23:22:44.564+09:00  INFO 24060 --- [    Test worker] o.hibernate.jpa.internal.util.LogHelper  : HHH000204: Processing PersistenceUnitInfo [name: default]
2023-10-11T23:22:44.612+09:00  INFO 24060 --- [    Test worker] org.hibernate.Version                    : HHH000412: Hibernate ORM core version 6.2.9.Final
2023-10-11T23:22:44.614+09:00  INFO 24060 --- [    Test worker] org.hibernate.cfg.Environment            : HHH000406: Using bytecode reflection optimizer
2023-10-11T23:22:44.725+09:00  INFO 24060 --- [    Test worker] o.h.b.i.BytecodeProviderInitiator        : HHH000021: Bytecode provider name : bytebuddy
2023-10-11T23:22:44.826+09:00  INFO 24060 --- [    Test worker] o.s.o.j.p.SpringPersistenceUnitInfo      : No LoadTimeWeaver setup: ignoring JPA class transformer
2023-10-11T23:22:44.839+09:00  INFO 24060 --- [    Test worker] com.zaxxer.hikari.HikariDataSource       : HikariPool-1 - Starting...
2023-10-11T23:22:45.046+09:00  INFO 24060 --- [    Test worker] com.zaxxer.hikari.pool.HikariPool        : HikariPool-1 - Added connection com.mysql.cj.jdbc.ConnectionImpl@77f4038c
2023-10-11T23:22:45.048+09:00  INFO 24060 --- [    Test worker] com.zaxxer.hikari.HikariDataSource       : HikariPool-1 - Start completed.
2023-10-11T23:22:45.170+09:00  INFO 24060 --- [    Test worker] o.h.b.i.BytecodeProviderInitiator        : HHH000021: Bytecode provider name : bytebuddy
2023-10-11T23:22:45.338+09:00  INFO 24060 --- [    Test worker] o.h.e.t.j.p.i.JtaPlatformInitiator       : HHH000490: Using JtaPlatform implementation: [org.hibernate.engine.transaction.jta.platform.internal.NoJtaPlatform]
2023-10-11T23:22:45.343+09:00  INFO 24060 --- [    Test worker] j.LocalContainerEntityManagerFactoryBean : Initialized JPA EntityManagerFactory for persistence unit 'default'
2023-10-11T23:22:45.740+09:00  WARN 24060 --- [    Test worker] ion$DefaultTemplateResolverConfiguration : Cannot find template location: classpath:/templates/ (please add some templates, check your Thymeleaf configuration, or set spring.thymeleaf.check-template-location=false)
2023-10-11T23:22:45.872+09:00  WARN 24060 --- [    Test worker] o.s.b.a.f.FreeMarkerAutoConfiguration    : Cannot find template location(s): [classpath:/templates/] (please add some templates, check your FreeMarker configuration, or set spring.freemarker.check-template-location=false)
2023-10-11T23:22:45.895+09:00  INFO 24060 --- [    Test worker] o.s.m.s.b.SimpleBrokerMessageHandler     : Starting...
2023-10-11T23:22:45.897+09:00  INFO 24060 --- [    Test worker] o.s.m.s.b.SimpleBrokerMessageHandler     : BrokerAvailabilityEvent[available=true, SimpleBrokerMessageHandler [org.springframework.messaging.simp.broker.DefaultSubscriptionRegistry@4351d055]]
2023-10-11T23:22:45.898+09:00  INFO 24060 --- [    Test worker] o.s.m.s.b.SimpleBrokerMessageHandler     : Started.
2023-10-11T23:22:45.911+09:00  INFO 24060 --- [    Test worker] f.server.ServerApplicationTests          : Started ServerApplicationTests in 2.426 seconds (process running for 3.242)
]]></system-out>
  <system-err><![CDATA[]]></system-err>
</testsuite>
